{"name": "test_new_add_node", "status": "broken", "statusDetails": {"message": "selenium.common.exceptions.TimeoutException: Message: \nStacktrace:\n0   chromedriver                        0x0000000104567788 chromedriver + 4515720\n1   chromedriver                        0x00000001044eb9d3 chromedriver + 4008403\n2   chromedriver                        0x000000010417e12a chromedriver + 413994\n3   chromedriver                        0x00000001041b5873 chromedriver + 641139\n4   chromedriver                        0x00000001041b5a61 chromedriver + 641633\n5   chromedriver                        0x00000001041e7f64 chromedriver + 847716\n6   chromedriver                        0x00000001041d27fd chromedriver + 759805\n7   chromedriver                        0x00000001041e5bd9 chromedriver + 838617\n8   chromedriver                        0x00000001041d2603 chromedriver + 759299\n9   chromedriver                        0x00000001041a8990 chromedriver + 588176\n10  chromedriver                        0x00000001041a9a75 chromedriver + 592501\n11  chromedriver                        0x00000001045376cd chromedriver + 4318925\n12  chromedriver                        0x000000010453bf35 chromedriver + 4337461\n13  chromedriver                        0x00000001045431ff chromedriver + 4366847\n14  chromedriver                        0x000000010453cc5a chromedriver + 4340826\n15  chromedriver                        0x0000000104512c2c chromedriver + 4168748\n16  chromedriver                        0x00000001045594f8 chromedriver + 4457720\n17  chromedriver                        0x0000000104559693 chromedriver + 4458131\n18  chromedriver                        0x000000010456ea3e chromedriver + 4545086\n19  libsystem_pthread.dylib             0x00007fff203428fc _pthread_start + 224\n20  libsystem_pthread.dylib             0x00007fff2033e443 thread_start + 15", "trace": "self = <test_node_management_page.TestTianChiNodeManagement object at 0x10a6f7070>\ndrivers = <selenium.webdriver.chrome.webdriver.WebDriver (session=\"a5b07801d77500fe8c8d209f9dd9dfdd\")>\n\n    @allure.story(\"新增节点\")\n    def test_new_add_node(self, drivers):\n        self.web_page = WebPage(drivers)\n>       self.web_page.is_click(locator=self.operations_center_element['运营中心'])\n\nTestCase/test_tian_chi_cloud/test_node_management/test_node_management_page.py:24: \n_ _ _ _ _ _ _ _ _ _ _ _ _ _ _ _ _ _ _ _ _ _ _ _ _ _ _ _ _ _ _ _ _ _ _ _ _ _ _ _ \npage/web_page.py:70: in is_click\n    self.find_element(locator).click()\npage/web_page.py:46: in find_element\n    return WebPage.element_locator(lambda *args: self.wait.until(\npage/web_page.py:42: in element_locator\n    return func(cm.LOCATE_MODE[name], value)\npage/web_page.py:46: in <lambda>\n    return WebPage.element_locator(lambda *args: self.wait.until(\n_ _ _ _ _ _ _ _ _ _ _ _ _ _ _ _ _ _ _ _ _ _ _ _ _ _ _ _ _ _ _ _ _ _ _ _ _ _ _ _ \n\nself = <selenium.webdriver.support.wait.WebDriverWait (session=\"a5b07801d77500fe8c8d209f9dd9dfdd\")>\nmethod = <function presence_of_element_located.<locals>._predicate at 0x10a826af0>\nmessage = ''\n\n    def until(self, method, message: str = \"\"):\n        \"\"\"Calls the method provided with the driver as an argument until the \\\n        return value does not evaluate to ``False``.\n    \n        :param method: callable(WebDriver)\n        :param message: optional message for :exc:`TimeoutException`\n        :returns: the result of the last call to `method`\n        :raises: :exc:`selenium.common.exceptions.TimeoutException` if timeout occurs\n        \"\"\"\n        screen = None\n        stacktrace = None\n    \n        end_time = time.monotonic() + self._timeout\n        while True:\n            try:\n                value = method(self._driver)\n                if value:\n                    return value\n            except self._ignored_exceptions as exc:\n                screen = getattr(exc, 'screen', None)\n                stacktrace = getattr(exc, 'stacktrace', None)\n            time.sleep(self._poll)\n            if time.monotonic() > end_time:\n                break\n>       raise TimeoutException(message, screen, stacktrace)\nE       selenium.common.exceptions.TimeoutException: Message: \nE       Stacktrace:\nE       0   chromedriver                        0x0000000104567788 chromedriver + 4515720\nE       1   chromedriver                        0x00000001044eb9d3 chromedriver + 4008403\nE       2   chromedriver                        0x000000010417e12a chromedriver + 413994\nE       3   chromedriver                        0x00000001041b5873 chromedriver + 641139\nE       4   chromedriver                        0x00000001041b5a61 chromedriver + 641633\nE       5   chromedriver                        0x00000001041e7f64 chromedriver + 847716\nE       6   chromedriver                        0x00000001041d27fd chromedriver + 759805\nE       7   chromedriver                        0x00000001041e5bd9 chromedriver + 838617\nE       8   chromedriver                        0x00000001041d2603 chromedriver + 759299\nE       9   chromedriver                        0x00000001041a8990 chromedriver + 588176\nE       10  chromedriver                        0x00000001041a9a75 chromedriver + 592501\nE       11  chromedriver                        0x00000001045376cd chromedriver + 4318925\nE       12  chromedriver                        0x000000010453bf35 chromedriver + 4337461\nE       13  chromedriver                        0x00000001045431ff chromedriver + 4366847\nE       14  chromedriver                        0x000000010453cc5a chromedriver + 4340826\nE       15  chromedriver                        0x0000000104512c2c chromedriver + 4168748\nE       16  chromedriver                        0x00000001045594f8 chromedriver + 4457720\nE       17  chromedriver                        0x0000000104559693 chromedriver + 4458131\nE       18  chromedriver                        0x000000010456ea3e chromedriver + 4545086\nE       19  libsystem_pthread.dylib             0x00007fff203428fc _pthread_start + 224\nE       20  libsystem_pthread.dylib             0x00007fff2033e443 thread_start + 15\n\n../cloud-line-venv/lib/python3.8/site-packages/selenium/webdriver/support/wait.py:90: TimeoutException"}, "steps": [{"name": "添加失败截图...", "status": "passed", "attachments": [{"name": "失败截图", "source": "3e0561d7-42ce-4626-a53b-859ace7131ff-attachment.png", "type": "image/png"}], "start": 1663726180871, "stop": 1663726181447}], "start": 1663726157809, "stop": 1663726180787, "uuid": "8cbfc6e8-a42e-4e46-ae58-ad06f649150c", "historyId": "26279390aabb1932672aeaf3fa9a9713", "testCaseId": "3bcd019caa723233b4081611f5647601", "fullName": "TestCase.test_tian_chi_cloud.test_node_management.test_node_management_page.TestTianChiNodeManagement#test_new_add_node", "labels": [{"name": "story", "value": "新增节点"}, {"name": "feature", "value": "测试节点管理模块"}, {"name": "tag", "value": "@pytest.mark.usefixtures('tian_chi_cloud_login', 'drivers')"}, {"name": "parentSuite", "value": "TestCase.test_tian_chi_cloud.test_node_management"}, {"name": "suite", "value": "test_node_management_page"}, {"name": "subSuite", "value": "TestTianChiNodeManagement"}, {"name": "host", "value": "big9sundeMacBook-Pro-2.local"}, {"name": "thread", "value": "99467-MainThread"}, {"name": "framework", "value": "pytest"}, {"name": "language", "value": "cpython3"}, {"name": "package", "value": "TestCase.test_tian_chi_cloud.test_node_management.test_node_management_page"}]}